This is e-pTeX, Version 3.14159265-p3.8.3-191112-2.6 (utf8.euc) (TeX Live 2020) (preloaded format=platex 2020.12.23)  3 JAN 2021 15:33
entering extended mode
 restricted \write18 enabled.
 file:line:error style messages enabled.
 %&-line parsing enabled.
**/Users/default/workspace/vs_workspace/My_Bachelor_Thesis/ja_bachelor/main.tex
(/Users/default/workspace/vs_workspace/My_Bachelor_Thesis/ja_bachelor/main.tex
pLaTeX2e <2020-02-02>+3 (based on LaTeX2e <2020-02-02> patch level 5)
L3 programming layer <2020-03-06> (/usr/local/texlive/2020/texmf-dist/tex/platex/base/jreport.cls
Document Class: jreport 2020/01/03 v1.8e Standard pLaTeX class
\c@@paper=\count166
(/usr/local/texlive/2020/texmf-dist/tex/platex/base/jsize12.clo
File: jsize12.clo 2020/01/03 v1.8e Standard pLaTeX file (size option)
)
\c@part=\count167
\c@chapter=\count168
\c@section=\count169
\c@subsection=\count170
\c@subsubsection=\count171
\c@paragraph=\count172
\c@subparagraph=\count173
\c@figure=\count174
\c@table=\count175
\abovecaptionskip=\skip47
\belowcaptionskip=\skip48
\symmincho=\mathgroup4
LaTeX Font Info:    Overwriting symbol font `mincho' in version `bold'
(Font)                  JY1/mc/m/n --> JY1/gt/m/n on input line 704.
\toclineskip=\dimen150
\@lnumwidth=\dimen151
\bibindent=\dimen152
\heisei=\count176
) (./b_thesis.sty) (/usr/local/texlive/2020/texmf-dist/tex/latex/ascmac/ascmac.sty
Package: ascmac 2020/01/15 v2.1 ascmac wrapper (community edition) 
(/usr/local/texlive/2020/texmf-dist/tex/latex/ascmac/tascmac.sty
Package: tascmac 2020/01/15 v2.1 ascmac package (community edition) 
\@savetbaselineshift=\dimen153
\@saveybaselineshift=\dimen154
\scb@x=\box61
\scscb@x=\box62
\@bw=\dimen155
\@nbox=\box63
\@nbody=\box64
\@scw=\dimen156
\ascmac@hoboxa=\box65
\ascmac@hoboxb=\box66
\@itemh=\dimen157
\@iboxpos=\toks16
\@iboxstr=\box67
\@bwsp=\box68
\@@bwsp=\box69
\@bcal=\count177
\shaderule=\dimen158
)) (./deepsection.sty
\c@subsubsubsection=\count178
\c@subsubsubsubsection=\count179
) (./drafts.sty
\headrulewidth=\dimen159
\footrulewidth=\dimen160
\plainheadrulewidth=\dimen161
\plainfootrulewidth=\dimen162
\headwidth=\dimen163
\hour=\count180
\minute=\count181
) (/usr/local/texlive/2020/texmf-dist/tex/latex/graphics/graphicx.sty
Package: graphicx 2019/11/30 v1.2a Enhanced LaTeX Graphics (DPC,SPQR)
(/usr/local/texlive/2020/texmf-dist/tex/latex/graphics/keyval.sty
Package: keyval 2014/10/28 v1.15 key=value parser (DPC)
\KV@toks@=\toks17
) (/usr/local/texlive/2020/texmf-dist/tex/latex/graphics/graphics.sty
Package: graphics 2019/11/30 v1.4a Standard LaTeX Graphics (DPC,SPQR)
(/usr/local/texlive/2020/texmf-dist/tex/latex/graphics/trig.sty
Package: trig 2016/01/03 v1.10 sin cos tan (DPC)
) (/usr/local/texlive/2020/texmf-dist/tex/latex/graphics-cfg/graphics.cfg
File: graphics.cfg 2016/06/04 v1.11 sample graphics configuration
)
Package graphics Info: Driver file: dvipdfmx.def on input line 105.
(/usr/local/texlive/2020/texmf-dist/tex/latex/graphics-def/dvipdfmx.def
File: dvipdfmx.def 2017/06/24 v5.0g Graphics/color driver for dvipdfmx
))
\Gin@req@height=\dimen164
\Gin@req@width=\dimen165
) (/usr/local/texlive/2020/texmf-dist/tex/latex/graphics/color.sty
Package: color 2019/11/23 v1.2a Standard LaTeX Color (DPC)
(/usr/local/texlive/2020/texmf-dist/tex/latex/graphics-cfg/color.cfg
File: color.cfg 2016/01/02 v1.6 sample color configuration
)
Package color Info: Driver file: dvipdfmx.def on input line 147.
(/usr/local/texlive/2020/texmf-dist/tex/latex/graphics/dvipsnam.def
File: dvipsnam.def 2016/06/17 v3.0m Driver-dependent file (DPC,SPQR)
)) (/usr/local/texlive/2020/texmf-dist/tex/latex/here/here.sty) (/usr/local/texlive/2020/texmf-dist/tex/latex/float/float.sty
Package: float 2001/11/08 v1.3d Float enhancements (AL)
\c@float@type=\count182
\float@exts=\toks18
\float@box=\box70
\@float@everytoks=\toks19
\@floatcapt=\box71
) (./tabverb.sty
Tabbing Verbatim Style <September 29, 1987>
\tabwidth=\skip49
) (/usr/local/texlive/2020/texmf-dist/tex/latex/tools/tabularx.sty
Package: tabularx 2020/01/15 v2.11c `tabularx' package (DPC)
(/usr/local/texlive/2020/texmf-dist/tex/latex/tools/array.sty
Package: array 2019/08/31 v2.4l Tabular extension package (FMi)
\col@sep=\dimen166
\ar@mcellbox=\box72
\extrarowheight=\dimen167
\NC@list=\toks20
\extratabsurround=\skip50
\backup@length=\skip51
\ar@cellbox=\box73
)
\TX@col@width=\dimen168
\TX@old@table=\dimen169
\TX@old@col=\dimen170
\TX@target=\dimen171
\TX@delta=\dimen172
\TX@cols=\count183
\TX@ftn=\toks21
) (/usr/local/texlive/2020/texmf-dist/tex/latex/moreverb/moreverb.sty
Package: moreverb 2008/06/03 v2.3a `more' verbatim facilities
(/usr/local/texlive/2020/texmf-dist/tex/latex/tools/verbatim.sty
Package: verbatim 2019/11/10 v1.5r LaTeX2e package for verbatim enhancements
\every@verbatim=\toks22
\verbatim@line=\toks23
\verbatim@in@stream=\read2
)
\tab@position=\count184
\tab@size=\count185
\listing@line=\count186
) (/usr/local/texlive/2020/texmf-dist/tex/latex/fancybox/fancybox.sty
Package: fancybox 2010/05/15 1.4
Style option: `fancybox' v1.4 <2010/05/15> (tvz)
\@fancybox=\box74
\shadowsize=\dimen173
\@Sbox=\box75
\do@VerbBox=\toks24
\the@fancyput=\toks25
\this@fancyput=\toks26
\EndVerbatimTokens=\toks27
\Verbatim@Outfile=\write3
\Verbatim@Infile=\read3
) (/usr/local/texlive/2020/texmf-dist/tex/latex/comment/comment.sty
\CommentStream=\write4
Excluding comment 'comment') (./algorithm.sty
Package: algorithm 2009/08/24 v0.1 Document Style `algorithm' - floating environment
(/usr/local/texlive/2020/texmf-dist/tex/latex/base/ifthen.sty
Package: ifthen 2014/09/29 v1.1c Standard LaTeX ifthen package (DPC)
)
\@float@every@algorithm=\toks28
\c@algorithm=\count187
) (./algorithmic.sty
Package: algorithmic 2009/08/24 v0.1 Document Style `algorithmic'
\c@ALC@unique=\count188
\c@ALC@line=\count189
\c@ALC@rem=\count190
\c@ALC@depth=\count191
\ALC@tlm=\skip52
\algorithmicindent=\skip53
) (./indentfirst.sty
Package: indentfirst 1995/11/23 v1.03 Indent first paragraph (DPC)
) (/usr/local/texlive/2020/texmf-dist/tex/latex/l3backend/l3backend-dvips.def
File: l3backend-dvips.def 2020-03-12 L3 backend support: dvips
\l__pdf_internal_box=\box76
\g__pdf_backend_object_int=\count192
\l__pdf_backend_content_box=\box77
\l__pdf_backend_model_box=\box78
\g__pdf_backend_annotation_int=\count193
\g__pdf_backend_link_int=\count194
\g__pdf_backend_link_sf_int=\count195
) (out/main.aux (out/abstract.aux) (out/introduction.aux) (out/background.aux) (out/proposal.aux) (out/implement.aux) (out/robotexample.aux) (out/test.aux) (out/evaluation.aux) (out/conclusion.aux) (out/thanks.aux))
\openout1 = `main.aux'.

LaTeX Font Info:    Checking defaults for OML/cmm/m/it on input line 44.
LaTeX Font Info:    ... okay on input line 44.
LaTeX Font Info:    Checking defaults for OMS/cmsy/m/n on input line 44.
LaTeX Font Info:    ... okay on input line 44.
LaTeX Font Info:    Checking defaults for OT1/cmr/m/n on input line 44.
LaTeX Font Info:    ... okay on input line 44.
LaTeX Font Info:    Checking defaults for T1/cmr/m/n on input line 44.
LaTeX Font Info:    ... okay on input line 44.
LaTeX Font Info:    Checking defaults for TS1/cmr/m/n on input line 44.
LaTeX Font Info:    ... okay on input line 44.
LaTeX Font Info:    Checking defaults for OMX/cmex/m/n on input line 44.
LaTeX Font Info:    ... okay on input line 44.
LaTeX Font Info:    Checking defaults for U/cmr/m/n on input line 44.
LaTeX Font Info:    ... okay on input line 44.
LaTeX Font Info:    Checking defaults for JY1/mc/m/n on input line 44.
LaTeX Font Info:    ... okay on input line 44.
LaTeX Font Info:    Checking defaults for JT1/mc/m/n on input line 44.
LaTeX Font Info:    ... okay on input line 44.
LaTeX Font Info:    External font `cmex10' loaded for size
(Font)              <12> on input line 48.
LaTeX Font Info:    External font `cmex10' loaded for size
(Font)              <8> on input line 48.
LaTeX Font Info:    External font `cmex10' loaded for size
(Font)              <6> on input line 48.
LaTeX Font Info:    Font shape `JT1/mc/b/n' in size <20.74> not available
(Font)              Font shape `JT1/mc/bx/n' tried instead on input line 48.
LaTeX Font Info:    Font shape `JT1/mc/bx/n' in size <20.74> not available
(Font)              Font shape `JT1/gt/m/n' tried instead on input line 48.
LaTeX Font Info:    Font shape `JY1/mc/b/n' in size <20.74> not available
(Font)              Font shape `JY1/mc/bx/n' tried instead on input line 48.
LaTeX Font Info:    Font shape `JY1/mc/bx/n' in size <20.74> not available
(Font)              Font shape `JY1/gt/m/n' tried instead on input line 48.
[0

]
\openout2 = `abstract.aux'.

(./abstract.tex
LaTeX Font Info:    Font shape `JT1/mc/b/n' in size <17.28> not available
(Font)              Font shape `JT1/mc/bx/n' tried instead on input line 30.
LaTeX Font Info:    Font shape `JT1/mc/bx/n' in size <17.28> not available
(Font)              Font shape `JT1/gt/m/n' tried instead on input line 30.
LaTeX Font Info:    Font shape `JY1/mc/b/n' in size <17.28> not available
(Font)              Font shape `JY1/mc/bx/n' tried instead on input line 30.
LaTeX Font Info:    Font shape `JY1/mc/bx/n' in size <17.28> not available
(Font)              Font shape `JY1/gt/m/n' tried instead on input line 30.
LaTeX Font Info:    External font `cmex10' loaded for size
(Font)              <14.4> on input line 30.
LaTeX Font Info:    External font `cmex10' loaded for size
(Font)              <7> on input line 30.
[1

])
LaTeX Font Info:    Font shape `JT1/mc/b/n' in size <24.88> not available
(Font)              Font shape `JT1/mc/bx/n' tried instead on input line 56.
LaTeX Font Info:    Font shape `JT1/mc/bx/n' in size <24.88> not available
(Font)              Font shape `JT1/gt/m/n' tried instead on input line 56.
LaTeX Font Info:    Font shape `JY1/mc/b/n' in size <24.88> not available
(Font)              Font shape `JY1/mc/bx/n' tried instead on input line 56.
LaTeX Font Info:    Font shape `JY1/mc/bx/n' in size <24.88> not available
(Font)              Font shape `JY1/gt/m/n' tried instead on input line 56.
(out/main.toc
LaTeX Font Info:    Font shape `JT1/mc/b/n' in size <12> not available
(Font)              Font shape `JT1/mc/bx/n' tried instead on input line 1.
LaTeX Font Info:    Font shape `JT1/mc/bx/n' in size <12> not available
(Font)              Font shape `JT1/gt/m/n' tried instead on input line 1.
LaTeX Font Info:    Font shape `JY1/mc/b/n' in size <12> not available
(Font)              Font shape `JY1/mc/bx/n' tried instead on input line 1.
LaTeX Font Info:    Font shape `JY1/mc/bx/n' in size <12> not available
(Font)              Font shape `JY1/gt/m/n' tried instead on input line 1.
[1


])
\tf@toc=\write5
\openout5 = `main.toc'.


LaTeX Font Warning: Font shape `JT1/mc/m/sl' undefined
(Font)              using `JT1/mc/m/n' instead on input line 57.


LaTeX Font Warning: Font shape `JY1/mc/m/sl' undefined
(Font)              using `JY1/mc/m/n' instead on input line 57.

[2] (out/main.lof)
\tf@lof=\write6
\openout6 = `main.lof'.

[3

] (out/main.lot)
\tf@lot=\write7
\openout7 = `main.lot'.

[4

]
\openout2 = `introduction.aux'.

(./introduction.tex
第1章

LaTeX Warning: Reference `omnitruck' on page 1 undefined on input line 8.

Excluding 'comment' comment.

LaTeX Warning: Reference `RHINO' on page 1 undefined on input line 27.


LaTeX Warning: Citation `Wolfram' on page 1 undefined on input line 27.


LaTeX Warning: Reference `Alpha' on page 1 undefined on input line 29.


LaTeX Warning: Citation `Maren' on page 1 undefined on input line 29.


LaTeX Warning: Reference `KEITA' on page 1 undefined on input line 30.


LaTeX Warning: Citation `Isi' on page 1 undefined on input line 30.

Excluding 'comment' comment. Excluding 'comment' comment. Excluding 'comment' comment. [1


]) [2]
\openout2 = `background.aux'.

(./background.tex
第2章

LaTeX Warning: Citation `Imai' on page 3 undefined on input line 11.


LaTeX Warning: Citation `L' on page 3 undefined on input line 15.


LaTeX Warning: Citation `Tada' on page 3 undefined on input line 17.

[3



]) [4]
\openout2 = `proposal.aux'.

(./proposal.tex
第3章
) [5



] [6]
\openout2 = `implement.aux'.

(./implement.tex
第4章

LaTeX Warning: Reference `mitubisiomni' on page 7 undefined on input line 12.

Excluding 'comment' comment.

LaTeX Warning: Reference `S250e' on page 7 undefined on input line 69.

[7



] Excluding 'comment' comment.

LaTeX Warning: Reference `sensorplate' on page 8 undefined on input line 112.

Excluding 'comment' comment. [8]

LaTeX Warning: Reference `omniact' on page 9 undefined on input line 174.


LaTeX Warning: Citation `Tada' on page 9 undefined on input line 175.

Excluding 'comment' comment. [9]

LaTeX Warning: Reference `omniact' on page 10 undefined on input line 213.


LaTeX Warning: Reference `omniact' on page 10 undefined on input line 214.

[10] [11] [12]) [13]
\openout2 = `robotexample.aux'.

(./robotexample.tex
第5章

LaTeX Warning: Reference `exppre' on page 14 undefined on input line 8.

Excluding 'comment' comment.

LaTeX Warning: Reference `expmap' on page 14 undefined on input line 24.

[14



]

LaTeX Warning: Reference `exp14' on page 15 undefined on input line 41.


LaTeX Warning: Reference `exp2' on page 15 undefined on input line 41.


LaTeX Warning: Reference `exp3' on page 15 undefined on input line 41.


LaTeX Warning: Reference `exp56' on page 15 undefined on input line 41.


LaTeX Warning: Reference `exp7' on page 15 undefined on input line 41.


LaTeX Warning: Reference `exppic' on page 15 undefined on input line 45.


LaTeX Warning: Reference `expomni' on page 15 undefined on input line 45.


LaTeX Warning: Reference `exphum' on page 15 undefined on input line 45.

Excluding 'comment' comment. Excluding 'comment' comment. Excluding 'comment' comment. Excluding 'comment' comment. Excluding 'comment' comment. Excluding 'comment' comment. Excluding 'comment' comment. [15]

LaTeX Warning: Reference `model1' on page 16 undefined on input line 152.


LaTeX Warning: Reference `model2' on page 16 undefined on input line 152.


LaTeX Warning: Reference `model3' on page 16 undefined on input line 152.


LaTeX Warning: Reference `model4' on page 16 undefined on input line 152.


LaTeX Warning: Reference `kanaikiseki' on page 16 undefined on input line 162.

Excluding 'comment' comment. Excluding 'comment' comment. Excluding 'comment' comment.

LaTeX Warning: Reference `kaitenkiseki' on page 16 undefined on input line 238.


LaTeX Warning: Reference `nokaitenkiseki' on page 16 undefined on input line 241.

Excluding 'comment' comment.) [16] [17]
\openout2 = `test.aux'.

(./test.tex
第6章

LaTeX Warning: Reference `modelApic' on page 18 undefined on input line 7.

Excluding 'comment' comment.

LaTeX Warning: Reference `modelAfkiseki' on page 18 undefined on input line 21.


LaTeX Warning: Reference `modelAf' on page 18 undefined on input line 25.

Excluding 'comment' comment.

LaTeX Warning: Reference `modelAskiseki' on page 18 undefined on input line 52.


LaTeX Warning: Reference `modelAs' on page 18 undefined on input line 53.

Excluding 'comment' comment.

LaTeX Warning: Reference `modelCpic' on page 18 undefined on input line 77.

Excluding 'comment' comment. [18



]

LaTeX Warning: Reference `modelCfkiseki' on page 19 undefined on input line 91.


LaTeX Warning: Reference `modelCf' on page 19 undefined on input line 94.

Excluding 'comment' comment.

LaTeX Warning: Reference `modelCskiseki' on page 19 undefined on input line 119.


LaTeX Warning: Reference `modelCs' on page 19 undefined on input line 120.

Excluding 'comment' comment.) [19]
\openout2 = `evaluation.aux'.

(./evaluation.tex
第7章
) [20



]
\openout2 = `conclusion.aux'.

(./conclusion.tex
第8章
) [21



]
\openout2 = `thanks.aux'.

(./thanks.tex) [22



] (out/main.bbl

LaTeX Font Warning: Font shape `JT1/gt/m/it' undefined
(Font)              using `JT1/gt/m/n' instead on input line 19.


LaTeX Font Warning: Font shape `JY1/gt/m/it' undefined
(Font)              using `JY1/gt/m/n' instead on input line 19.

) [23


] (out/main.aux (out/abstract.aux) (out/introduction.aux) (out/background.aux) (out/proposal.aux) (out/implement.aux) (out/robotexample.aux) (out/test.aux) (out/evaluation.aux) (out/conclusion.aux) (out/thanks.aux))

LaTeX Font Warning: Some font shapes were not available, defaults substituted.


LaTeX Warning: There were undefined references.

 ) 
Here is how much of TeX's memory you used:
 2056 strings out of 481140
 28249 string characters out of 5917416
 281167 words of memory out of 5000000
 17996 multiletter control sequences out of 15000+600000
 547536 words of font info for 83 fonts, out of 8000000 for 9000
 929 hyphenation exceptions out of 8191
 30i,12n,26p,319b,343s stack positions out of 5000i,500n,10000p,200000b,80000s

Output written on out/main.dvi (29 pages, 77340 bytes).
